<?xml version="1.0" encoding="UTF-8"?>
<!-- Generated by org.testng.reporters.JUnitReportReporter -->
<testsuite hostname="DESKTOP-BPQOHUP" failures="0" tests="1" name="MobileTestAutomation.AppiumFrameworkDesign.PriceofProducts" time="13.203" errors="0" timestamp="2024-01-30T22:51:03 IST" skipped="0">
  <testcase classname="MobileTestAutomation.AppiumFrameworkDesign.PriceofProducts" name="webPriceViewTest" time="13.203"/>
  <system-out/>
</testsuite> <!-- MobileTestAutomation.AppiumFrameworkDesign.PriceofProducts -->
