<?xml version="1.0" encoding="UTF-8"?>
<!-- Generated by org.testng.reporters.JUnitReportReporter -->
<testsuite hostname="DESKTOP-BPQOHUP" failures="0" tests="1" name="MobileTestAutomation.AppiumFrameworkDesign.PriceofProducts" time="14.569" errors="0" timestamp="2024-01-30T19:17:39 IST" skipped="0">
  <testcase classname="MobileTestAutomation.AppiumFrameworkDesign.PriceofProducts" name="webPriceViewTest" time="14.569"/>
  <system-out/>
</testsuite> <!-- MobileTestAutomation.AppiumFrameworkDesign.PriceofProducts -->
